[2025-04-01 01:00:00] INFO User login successful for user: john_doe
[2025-04-01 10:05:23] ERROR Failed to connect to database
[2025-04-02 10:15:45] Disk space running low
[2025-04-01 09:17:30] INFO File uploaded successfully by user: alice
[2025-04-01 10:20:00] ERROR NullPointerException at LogAnalyzer.java:45
[2025-04-02 12:30:12] WARN High memory usage detected
[2025-04-02 14:05:10] INFO Scheduled backup completed successfully
[2025-04-02 18:20:45] ERROR Unable to fetch user permissions from API
[2025-04-02 22:45:30] INFO Server restarted by admin: admin_user
[2025-04-03 03:15:55] WARN Unusual traffic spike detected
[2025-04-03 08:40:20] ERROR Timeout while connecting to payment gateway
[2025-04-03 11:55:05] INFO User logout recorded for user: mark_smith
[2025-04-03 15:30:00] WARN Deprecated API method used: getUserData()
[2025-04-03 19:10:42] ERROR Access denied for user: guest_account
[2025-04-03 23:50:15] INFO Data synchronization completed
[2025-04-04 04:25:30] WARN SSL certificate expiring soon
[2025-04-04 09:10:55] ERROR Failed to process payment transaction ID: 123456
[2025-04-04 12:45:18] INFO System health check passed
[2025-04-04 16:05:40] WARN Disk fragmentation detected, performance may be affected
[2025-04-04 20:30:27] ERROR Unauthorized API request blocked from IP: 192.168.1.25